-------------------------------------------------------------------------------
Test set: TestSuite
-------------------------------------------------------------------------------
Tests run: 9, Failures: 1, Errors: 0, Skipped: 8, Time elapsed: 0.538 sec <<< FAILURE! - in TestSuite
launchDriver(com.AutomationTalks.demoProject1.TestClass1)  Time elapsed: 0.414 sec  <<< FAILURE!
java.lang.IllegalStateException: The driver executable does not exist: /Users/adonisgeraldez/Downloads/chromedriver.exe
	at com.AutomationTalks.demoProject1.TestClass1.launchDriver(TestClass1.java:18)

